<?xml version="1.0" encoding="UTF-8"?>
<!-- Generated by org.testng.reporters.JUnitXMLReporter -->
<testsuite hostname="DESKTOP-RFNVP02" ignored="0" name="EdgeTest" tests="1" failures="1" timestamp="07 Jan 2022 08:45:24 GMT" time="103.521" errors="0">
  <testcase name="tc1" time="103.237" classname="org.test.Sample">
    <failure type="org.openqa.selenium.WebDriverException" message="chrome not reachable
Build info: version: &amp;apos;3.141.59&amp;apos;, revision: &amp;apos;e82be7d358&amp;apos;, time: &amp;apos;2018-11-14T08:17:03&amp;apos;
System info: host: &amp;apos;DESKTOP-RFNVP02&amp;apos;, ip: &amp;apos;192.168.1.93&amp;apos;, os.name: &amp;apos;Windows 10&amp;apos;, os.arch: &amp;apos;amd64&amp;apos;, os.version: &amp;apos;10.0&amp;apos;, java.version: &amp;apos;1.8.0_281&amp;apos;
Driver info: driver.version: EdgeDriver
remote stacktrace: Backtrace:
	Microsoft::Applications::Events::ILogConfiguration::ILogConfiguration [0x00007FF6AA1ACCE2+56946]
	Microsoft::Applications::Events::EventProperty::to_string [0x00007FF6A9DDA437+949511]
	Microsoft::Applications::Events::EventProperty::to_string [0x00007FF6A9DCA6CA+884634]
	Microsoft::Applications::Events::EventProperty::to_string [0x00007FF6A9E04471+1121601]
	Microsoft::Applications::Events::EventProperty::to_string [0x00007FF6A9E012B5+1108869]
	Microsoft::Applications::Events::EventProperty::to_string [0x00007FF6A9DFA3D0+1080480]
	Microsoft::Applications::Events::EventProperty::to_string [0x00007FF6A9E36378+1326152]
	Microsoft::Applications::Events::EventProperty::to_string [0x00007FF6A9E313BF+1305743]
	Microsoft::Applications::Events::EventProperty::to_string [0x00007FF6A9E06AA9+1131385]
	Microsoft::Applications::Events::EventProperty::to_string [0x00007FF6A9E07B8F+1135711]
	Microsoft::Applications::Events::EventProperty::to_string [0x00007FF6A9E9C485+1744213]
	Microsoft::Applications::Events::EventProperty::to_string [0x00007FF6A9E9A911+1737185]
	Microsoft::Applications::Events::EventProperty::EventProperty [0x00007FF6AA07B6B9+2521]
	Microsoft::Applications::Events::EventProperty::to_string [0x00007FF6A9E720AE+1571198]
	Microsoft::Applications::Events::ILogConfiguration::ILogConfiguration [0x00007FF6AA1A58EC+27260]
	Microsoft::Applications::Events::ILogConfiguration::ILogConfiguration [0x00007FF6AA1A5264+25588]
	Microsoft::Applications::Events::ILogConfiguration::ILogConfiguration [0x00007FF6AA1A50B6+25158]
	Microsoft::Applications::Events::EventProperties::GetName [0x00007FF6AA10047C+211724]
	BaseThreadInitThunk [0x00007FFBA5747034+20]
	RtlUserThreadStart [0x00007FFBA72C2651+33]
">
      <![CDATA[org.openqa.selenium.WebDriverException: chrome not reachable
Build info: version: '3.141.59', revision: 'e82be7d358', time: '2018-11-14T08:17:03'
System info: host: 'DESKTOP-RFNVP02', ip: '192.168.1.93', os.name: 'Windows 10', os.arch: 'amd64', os.version: '10.0', java.version: '1.8.0_281'
Driver info: driver.version: EdgeDriver
remote stacktrace: Backtrace:
Microsoft::Applications::Events::ILogConfiguration::ILogConfiguration [0x00007FF6AA1ACCE2+56946]
Microsoft::Applications::Events::EventProperty::to_string [0x00007FF6A9DDA437+949511]
Microsoft::Applications::Events::EventProperty::to_string [0x00007FF6A9DCA6CA+884634]
Microsoft::Applications::Events::EventProperty::to_string [0x00007FF6A9E04471+1121601]
Microsoft::Applications::Events::EventProperty::to_string [0x00007FF6A9E012B5+1108869]
Microsoft::Applications::Events::EventProperty::to_string [0x00007FF6A9DFA3D0+1080480]
Microsoft::Applications::Events::EventProperty::to_string [0x00007FF6A9E36378+1326152]
Microsoft::Applications::Events::EventProperty::to_string [0x00007FF6A9E313BF+1305743]
Microsoft::Applications::Events::EventProperty::to_string [0x00007FF6A9E06AA9+1131385]
Microsoft::Applications::Events::EventProperty::to_string [0x00007FF6A9E07B8F+1135711]
Microsoft::Applications::Events::EventProperty::to_string [0x00007FF6A9E9C485+1744213]
Microsoft::Applications::Events::EventProperty::to_string [0x00007FF6A9E9A911+1737185]
Microsoft::Applications::Events::EventProperty::EventProperty [0x00007FF6AA07B6B9+2521]
Microsoft::Applications::Events::EventProperty::to_string [0x00007FF6A9E720AE+1571198]
Microsoft::Applications::Events::ILogConfiguration::ILogConfiguration [0x00007FF6AA1A58EC+27260]
Microsoft::Applications::Events::ILogConfiguration::ILogConfiguration [0x00007FF6AA1A5264+25588]
Microsoft::Applications::Events::ILogConfiguration::ILogConfiguration [0x00007FF6AA1A50B6+25158]
Microsoft::Applications::Events::EventProperties::GetName [0x00007FF6AA10047C+211724]
BaseThreadInitThunk [0x00007FFBA5747034+20]
RtlUserThreadStart [0x00007FFBA72C2651+33]

at org.openqa.selenium.remote.W3CHandshakeResponse.lambda$errorHandler$0(W3CHandshakeResponse.java:62)
at org.openqa.selenium.remote.HandshakeResponse.lambda$getResponseFunction$0(HandshakeResponse.java:30)
at org.openqa.selenium.remote.ProtocolHandshake.lambda$createSession$0(ProtocolHandshake.java:126)
at java.util.stream.ReferencePipeline$3$1.accept(Unknown Source)
at java.util.Spliterators$ArraySpliterator.tryAdvance(Unknown Source)
at java.util.stream.ReferencePipeline.forEachWithCancel(Unknown Source)
at java.util.stream.AbstractPipeline.copyIntoWithCancel(Unknown Source)
at java.util.stream.AbstractPipeline.copyInto(Unknown Source)
at java.util.stream.AbstractPipeline.wrapAndCopyInto(Unknown Source)
at java.util.stream.FindOps$FindOp.evaluateSequential(Unknown Source)
at java.util.stream.AbstractPipeline.evaluate(Unknown Source)
at java.util.stream.ReferencePipeline.findFirst(Unknown Source)
at org.openqa.selenium.remote.ProtocolHandshake.createSession(ProtocolHandshake.java:128)
at org.openqa.selenium.remote.ProtocolHandshake.createSession(ProtocolHandshake.java:74)
at org.openqa.selenium.remote.HttpCommandExecutor.execute(HttpCommandExecutor.java:136)
at org.openqa.selenium.remote.service.DriverCommandExecutor.execute(DriverCommandExecutor.java:83)
at org.openqa.selenium.remote.RemoteWebDriver.execute(RemoteWebDriver.java:552)
at org.openqa.selenium.remote.RemoteWebDriver.startSession(RemoteWebDriver.java:213)
at org.openqa.selenium.remote.RemoteWebDriver.<init>(RemoteWebDriver.java:131)
at org.openqa.selenium.edge.EdgeDriver.<init>(EdgeDriver.java:141)
at org.openqa.selenium.edge.EdgeDriver.<init>(EdgeDriver.java:96)
at org.test.Sample.tc1(Sample.java:31)
at java.util.concurrent.FutureTask.run(Unknown Source)
at java.util.concurrent.ThreadPoolExecutor.runWorker(Unknown Source)
at java.util.concurrent.ThreadPoolExecutor$Worker.run(Unknown Source)
at java.lang.Thread.run(Unknown Source)
... Removed 20 stack frames]]>
    </failure>
  </testcase> <!-- tc1 -->
</testsuite> <!-- EdgeTest -->
