<?xml version="1.0" encoding="UTF-8"?>
<!-- Generated by org.testng.reporters.JUnitXMLReporter -->
<testsuite hostname="DESKTOP-RFNVP02" ignored="0" name="test" tests="11" failures="2" timestamp="08 Jan 2022 08:56:57 GMT" time="0.251" errors="0">
  <testcase name="tc1" time="0.02" classname="org.test.Sample"/>
  <testcase name="tc2" time="0.01" classname="org.test.Sample"/>
  <testcase name="tc3" time="0.008" classname="org.test.Sample">
    <skipped/>
  </testcase> <!-- tc3 -->
  <testcase name="tc3" time="0.002" classname="org.test.Sample">
    <skipped/>
  </testcase> <!-- tc3 -->
  <testcase name="tc3" time="0.004" classname="org.test.Sample">
    <skipped/>
  </testcase> <!-- tc3 -->
  <testcase name="tc3" time="0.007" classname="org.test.Sample">
    <failure type="java.lang.AssertionError" message="expected [true] but found [false]">
      <![CDATA[java.lang.AssertionError: expected [true] but found [false]
at org.test.Sample.tc3(Sample.java:17)
... Removed 29 stack frames]]>
    </failure>
  </testcase> <!-- tc3 -->
  <testcase name="tc4" time="0.001" classname="org.test.Sample"/>
  <testcase name="tc5" time="0.012" classname="org.test.Sample">
    <skipped/>
  </testcase> <!-- tc5 -->
  <testcase name="tc5" time="0.001" classname="org.test.Sample">
    <skipped/>
  </testcase> <!-- tc5 -->
  <testcase name="tc5" time="0.002" classname="org.test.Sample">
    <skipped/>
  </testcase> <!-- tc5 -->
  <testcase name="tc5" time="0.006" classname="org.test.Sample">
    <failure type="java.lang.AssertionError" message="expected [true] but found [false]">
      <![CDATA[java.lang.AssertionError: expected [true] but found [false]
at org.test.Sample.tc5(Sample.java:29)
... Removed 29 stack frames]]>
    </failure>
  </testcase> <!-- tc5 -->
</testsuite> <!-- test -->
